<?xml version="1.0" encoding="UTF-8"?>
<robot generator="Robot 7.4.1 (Python 3.13.4 on darwin)" generated="2026-01-16T16:29:39.359698" rpa="false" schemaversion="5">
<suite id="s1" name="Changelles" source="/Users/jfranccr/Documents/projetos/changelles">
<suite id="s1-s1" name="Tests" source="/Users/jfranccr/Documents/projetos/changelles/tests">
<suite id="s1-s1-s1" name="Flights" source="/Users/jfranccr/Documents/projetos/changelles/tests/flights">
<suite id="s1-s1-s1-s1" name="Get Flights Positive" source="/Users/jfranccr/Documents/projetos/changelles/tests/flights/get_flights_positive.robot">
<test id="s1-s1-s1-s1-t1" name="Scenario: Get airports by country=France" line="79">
<kw name="Given I have a valid AviationStack session" owner="aviationstack_keywords">
<kw name="Create Session" owner="RequestsLibrary">
<msg time="2026-01-16T16:29:39.737805" level="INFO">Creating Session using : alias=aviation, url=https://api.aviationstack.com/v1, headers={},                     cookies={}, auth=None, timeout=None, proxies=None, verify=False,                     debug=0 </msg>
<arg>aviation</arg>
<arg>${BASE_URL}</arg>
<doc>Create Session: create a HTTP session to a server</doc>
<status status="PASS" start="2026-01-16T16:29:39.737502" elapsed="0.000770"/>
</kw>
<status status="PASS" start="2026-01-16T16:29:39.736985" elapsed="0.001485"/>
</kw>
<kw name="Given I have a valid API key" owner="aviationstack_keywords">
<kw name="Set Test Variable" owner="BuiltIn">
<msg time="2026-01-16T16:29:39.740865" level="INFO">${API_KEY} = cfd77ccd4625cab36017fd91699579a1</msg>
<arg>${API_KEY}</arg>
<arg>${api_key}</arg>
<doc>Makes a variable available everywhere within the scope of the current test.</doc>
<status status="PASS" start="2026-01-16T16:29:39.739728" elapsed="0.001446"/>
</kw>
<arg>cfd77ccd4625cab36017fd91699579a1</arg>
<status status="PASS" start="2026-01-16T16:29:39.738880" elapsed="0.002511"/>
</kw>
<kw name="When I perform a GET request to airports endpoint with params" owner="aviationstack_keywords">
<kw name="Set To Dictionary" owner="Collections">
<msg time="2026-01-16T16:29:39.742977" level="INFO">${params} = {'country_name': 'FRANCE', 'access_key': 'cfd77ccd4625cab36017fd91699579a1'}</msg>
<var>${params}</var>
<arg>${query_params}</arg>
<arg>access_key=${API_KEY}</arg>
<doc>Adds the given ``key_value_pairs`` and/or ``items`` to the ``dictionary``.</doc>
<status status="PASS" start="2026-01-16T16:29:39.742288" elapsed="0.000826"/>
</kw>
<kw name="GET" owner="RequestsLibrary">
<msg time="2026-01-16T16:29:40.651847" level="INFO">GET Request : url=https://api.aviationstack.com/v1/airports?country_name=FRANCE&amp;access_key=cfd77ccd4625cab36017fd91699579a1 
 path_url=/v1/airports?country_name=FRANCE&amp;access_key=cfd77ccd4625cab36017fd91699579a1 
 headers={'User-Agent': 'python-requests/2.32.5', 'Accept-Encoding': 'gzip, deflate', 'Accept': '*/*', 'Connection': 'keep-alive'} 
 body=None 
 </msg>
<msg time="2026-01-16T16:29:40.652612" level="INFO">GET Response : url=https://api.aviationstack.com/v1/airports?country_name=FRANCE&amp;access_key=cfd77ccd4625cab36017fd91699579a1 
 status=200, reason=OK 
 headers={'Date': 'Fri, 16 Jan 2026 19:29:40 GMT', 'Content-Type': 'application/json', 'Transfer-Encoding': 'chunked', 'Connection': 'keep-alive', 'cache-control': 'no-cache, private', 'x-request-time': '0.038, 0.079', 'x-apilayer-transaction-id': '53274958-4d2b-48c7-927b-4e899db315eb', 'access-control-allow-origin': '*', 'access-control-allow-methods': 'GET, POST, HEAD, OPTIONS', 'access-control-allow-headers': '*', 'x-quota-limit': '100', 'x-quota-remaining': '24', 'x-increment-usage': '1', 'cf-cache-status': 'DYNAMIC', 'Nel': '{"report_to":"cf-nel","success_fraction":0.0,"max_age":604800}', 'Report-To': '{"group":"cf-nel","max_age":604800,"endpoints":[{"url":"https://a.nel.cloudflare.com/report/v4?s=WENixZtJCVQML3BeXn6b9n4JHE9xwEouQrfcbP6%2B6roGuFesgnUFIqdGlOi2%2BBg3TPpsPcNRf36Hd7tKfctGtadOrdWJrxTKVjjkKkbyipBddwcD"}]}', 'Content-Encoding': 'gzip', 'Server': 'cloudflare', 'CF-RAY': '9bf005e0df56d973-GRU'} 
 body={"pagination":{"offset":0,"limit":100,"count":100,"total":111},"data":[{"id":"6162539","gmt":"1","airport_id":"133","iata_code":"AGF","city_iata_code":"AGF","icao_code":"LFBA","country_iso2":"FR","geoname_id":"6299365","latitude":"44.17361","longitude":"0.598611","airport_name":"La Garenne","country_name":"France","phone_number":null,"timezone":"Europe\/Paris"},{"id":"6162574","gmt":"1","airport_id":"168","iata_code":"AHZ","city_iata_code":"AHZ","icao_code":"LFHU","country_iso2":"FR","geoname_id":"6694609","latitude":"45.083332","longitude":"6.083333","airport_name":"Alpe D Huez","country_name":"France","phone_number":null,"timezone":"Europe\/Paris"},{"id":"6162597","gmt":"1","airport_id":"191","iata_code":"AJA","city_iata_code":"AJA","icao_code":"LFKJ","country_iso2":"FR","geoname_id":"6299395","latitude":"41.91987","longitude":"8.794013","airport_name":"Campo Dell Oro","country_name":"France","phone_number":null,"timezone":"Europe\/Paris"},{"id":"6162686","gmt":"1","airport_id":"280","iata_code":"ANE","city_iata_code":"ANE","icao_code":"LFJR","country_iso2":"FR","geoname_id":"6458614","latitude":"47.466667","longitude":"-0.55","airport_name":"Marce","country_name":"France","phone_number":null,"timezone":"Europe\/Paris"},{"id":"6162688","gmt":"1","airport_id":"282","iata_code":"ANG","city_iata_code":"ANG","icao_code":"LFBU","country_iso2":"FR","geoname_id":"6694763","latitude":"45.733334","longitude":"0.216667","airport_name":"Brie-Champniers","country_name":"France","phone_number":null,"timezone":"Europe\/Paris"},{"id":"6162836","gmt":"1","airport_id":"430","iata_code":"AUF","city_iata_code":"AUF","icao_code":"LFLA","country_iso2":"FR","geoname_id":"6299397","latitude":"47.85","longitude":"3.5","airport_name":"Auxerre Branches","country_name":"France","phone_number":null,"timezone":"Europe\/Paris"},{"id":"6162848","gmt":"1","airport_id":"442","iata_code":"AUR","city_iata_code":"AUR","icao_code":"LFLW","country_iso2":"FR","geoname_id":"6299407","latitude":"44.8975","longitude":"2.418056","airport_name":"Aurillac","country_name":"France","phone_number":null,"timezone":"Europe\/Paris"},{"id":"6162863","gmt":"1","airport_id":"457","iata_code":"AVN","city_iata_code":"AVN","icao_code":"LFMV","country_iso2":"FR","geoname_id":"6694625","latitude":"43.9","longitude":"4.9","airport_name":"Avignon-Caumont","country_name":"France","phone_number":null,"timezone":"Europe\/Paris"},{"id":"6162930","gmt":"1","airport_id":"524","iata_code":"BAE","city_iata_code":"BAE","icao_code":"LFMR","country_iso2":"FR","geoname_id":"6694778","latitude":"44.38333","longitude":"6.666667","airport_name":"Barcelonnette","country_name":"France","phone_number":null,"timezone":"Europe\/Paris"},{"id":"6163040","gmt":"1","airport_id":"634","iata_code":"BES","city_iata_code":"BES","icao_code":"LFRB","country_iso2":"FR","geoname_id":"6299451","latitude":"48.445374","longitude":"-4.415827","airport_name":"Brest Lesquin","country_name":"France","phone_number":null,"timezone":"Europe\/Paris"},{"id":"6163121","gmt":"1","airport_id":"715","iata_code":"BIA","city_iata_code":"BIA","icao_code":"LFKB","country_iso2":"FR","geoname_id":"6299392","latitude":"42.547615","longitude":"9.480124","airport_name":"Poretta","country_name":"France","phone_number":null,"timezone":"Europe\/Paris"},{"id":"6163136","gmt":"1","airport_id":"730","iata_code":"BIQ","city_iata_code":"BIQ","icao_code":"LFBZ","country_iso2":"FR","geoname_id":"6299382","latitude":"43.472416","longitude":"-1.531242","airport_name":"Biarritz Parme","country_name":"France","phone_number":null,"timezone":"Europe\/Paris"},{"id":"6163269","gmt":"1","airport_id":"863","iata_code":"BOD","city_iata_code":"BOD","icao_code":"LFBD","country_iso2":"FR","geoname_id":"6299367","latitude":"44.83102","longitude":"-0.70217","airport_name":"M\u00e9rignac","country_name":"France","phone_number":null,"timezone":"Europe\/Paris"},{"id":"6163284","gmt":"1","airport_id":"878","iata_code":"BOU","city_iata_code":"BOU","icao_code":"LFLD","country_iso2":"FR","geoname_id":"6299400","latitude":"47.15","longitude":"2.416667","airport_name":"Bourges","country_name":"France","phone_number":null,"timezone":"Europe\/Paris"},{"id":"6163422","gmt":"1","airport_id":"1016","iata_code":"BVA","city_iata_code":"PAR","icao_code":"LFOB","country_iso2":"FR","geoname_id":"6299427","latitude":"49.459488","longitude":"2.110815","airport_name":"Beauvais-Tille","country_name":"France","phone_number":null,"timezone":"Europe\/Paris"},{"id":"6163426","gmt":"1","airport_id":"1020","iata_code":"BVE","city_iata_code":"BVE","icao_code":"LFBV","country_iso2":"FR","geoname_id":"7536124","latitude":"45.166668","longitude":"1.533333","airport_name":"Laroche","country_name":"France","phone_number":null,"timezone":"Europe\/Paris"},{"id":"6163522","gmt":"1","airport_id":"1116","iata_code":"BZR","city_iata_code":"BZR","icao_code":"LFMU","country_iso2":"FR","geoname_id":"6299422","latitude":"43.324165","longitude":"3.354444","airport_name":"Beziers Vias","country_name":"France","phone_number":null,"timezone":"Europe\/Paris"},{"id":"6163584","gmt":"1","airport_id":"1178","iata_code":"CCF","city_iata_code":"CCF","icao_code":"LFMK","country_iso2":"FR","geoname_id":"6299416","latitude":"43.216667","longitude":"2.316667","airport_name":"Salvaza","country_name":"France","phone_number":null,"timezone":"Europe\/Paris"},{"id":"6163609","gmt":"1","airport_id":"1203","iata_code":"CDG","city_iata_code":"PAR","icao_code":"LFPG","country_iso2":"FR","geoname_id":"6269554","latitude":"49.003197","longitude":"2.567023","airport_name":"Charles De Gaulle","country_name":"France","phone_number":"(01) 4862 121","timezone":"Europe\/Paris"},{"id":"6163641","gmt":"1","airport_id":"1235","iata_code":"CEQ","city_iata_code":"CEQ","icao_code":"LFMD","country_iso2":"FR","geoname_id":"6299412","latitude":"43.54639","longitude":"6.954167","airport_name":"Mandelieu","country_name":"France","phone_number":null,"timezone":"Europe\/Paris"},{"id":"6163642","gmt":"1","airport_id":"1236","iata_code":"CER","city_iata_code":"CER","icao_code":"LFRC","country_iso2":"FR","geoname_id":"6299452","latitude":"49.65111","longitude":"-1.465278","airport_name":"Maupertus","country_name":"France","phone_number":null,"timezone":"Europe\/Paris"},{"id":"6163655","gmt":"1","airport_id":"1249","iata_code":"CFE","city_iata_code":"CFE","icao_code":"LFLC","country_iso2":"FR","geoname_id":"6299399","latitude":"45.78032","longitude":"3.163893","airport_name":"Clermont\/Ferrand Auvergne International (Aulnat)","country_name":"France","phone_number":null,"timezone":"Europe\/Paris"},{"id":"6163665","gmt":"1","airport_id":"1259","iata_code":"CFR","city_iata_code":"CFR","icao_code":"LFRK","country_iso2":"FR","geoname_id":"6299456","latitude":"49.183437","longitude":"-0.459276","airport_name":"Carpiquet","country_name":"France","phone_number":null,"timezone":"Europe\/Paris"},{"id":"6163709","gmt":"1","airport_id":"1303","iata_code":"CHR","city_iata_code":"CHR","icao_code":"LFLX","country_iso2":"FR","geoname_id":"6299408","latitude":"46.816666","longitude":"1.7","airport_name":"Chateauroux","country_name":"France","phone_number":null,"timezone":"Europe\/Paris"},{"id":"6163799","gmt":"1","airport_id":"1393","iata_code":"CLY","city_iata_code":"CLY","icao_code":"LFKC","country_iso2":"FR","geoname_id":"6299393","latitude":"42.52778","longitude":"8.791667","airport_name":"Ste Catherine","country_name":"France","phone_number":null,"timezone":"Europe\/Paris"},{"id":"6163806","gmt":"1","airport_id":"1400","iata_code":"CMF","city_iata_code":"CMF","icao_code":"LFLB","country_iso2":"FR","geoname_id":"6299398","latitude":"45.637993","longitude":"5.88437","airport_name":"Chambery","country_name":"France","phone_number":null,"timezone":"Europe\/Paris"},{"id":"6163818","gmt":"1","airport_id":"1412","iata_code":"CMR","city_iata_code":"CMR","icao_code":"LFGA","country_iso2":"FR","geoname_id":"6694671","latitude":"48.083332","longitude":"7.366667","airport_name":"Colmar-houssen","country_name":"France","phone_number":null,"timezone":"Europe\/Paris"},{"id":"6163833","gmt":"1","airport_id":"1427","iata_code":"CNG","city_iata_code":"CNG","icao_code":"LFBG","country_iso2":"FR","geoname_id":"6299370","latitude":"45.683334","longitude":"-0.333333","airport_name":"Parvaud","country_name":"France","phone_number":null,"timezone":"Europe\/Paris"},{"id":"6163900","gmt":"1","airport_id":"1494","iata_code":"CQF","city_iata_code":"CQF","icao_code":"LFAC","country_iso2":"FR","geoname_id":"6694425","latitude":"50.95","longitude":"1.933333","airport_name":"Calais","country_name":"France","phone_number":null,"timezone":"Europe\/Paris"},{"id":"6163973","gmt":"1","airport_id":"1567","iata_code":"CTT","city_iata_code":"CTT","icao_code":"LFMQ","country_iso2":"FR","geoname_id":"6694623","latitude":"43.25","longitude":"5.783333","airport_name":"Le Castellet","country_name":"France","phone_number":null,"timezone":"Europe\/Paris"},{"id":"6164129","gmt":"1","airport_id":"1723","iata_code":"DCM","city_iata_code":"DCM","icao_code":"LFCK","country_iso2":"FR","geoname_id":"6694539","latitude":"43.555832","longitude":"2.284167","airport_name":"Mazamet","country_name":"France","phone_number":null,"timezone":"Europe\/Paris"},{"id":"6164192","gmt":"1","airport_id":"1786","iata_code":"DIJ","city_iata_code":"DIJ","icao_code":"LFSD","country_iso2":"FR","geoname_id":"6299468","latitude":"47.270832","longitude":"5.088889","airport_name":"Dijon","country_name":"France","phone_number":null,"timezone":"Europe\/Paris"},{"id":"6164225","gmt":"1","airport_id":"1819","iata_code":"DLE","city_iata_code":"DLE","icao_code":"LFGJ","country_iso2":"FR","geoname_id":"6299388","latitude":"47.05","longitude":"5.433333","airport_name":"Tavaux","country_name":"France","phone_number":null,"timezone":"Europe\/Paris"},{"id":"6164267","gmt":"1","airport_id":"1861","iata_code":"DNR","city_iata_code":"DNR","icao_code":"LFRD","country_iso2":"FR","geoname_id":"6299453","latitude":"48.587776","longitude":"-2.08361... (set the log level to DEBUG or TRACE to see the full content) 
 </msg>
<msg time="2026-01-16T16:29:40.654148" level="INFO">/Users/jfranccr/Documents/projetos/changelles/.venv/lib/python3.13/site-packages/urllib3/connectionpool.py:1097: InsecureRequestWarning: Unverified HTTPS request is being made to host 'api.aviationstack.com'. Adding certificate verification is strongly advised. See: https://urllib3.readthedocs.io/en/latest/advanced-usage.html#tls-warnings
  warnings.warn(</msg>
<msg time="2026-01-16T16:29:40.654927" level="INFO">${response_get} = &lt;Response [200]&gt;</msg>
<var>${response_get}</var>
<arg>${BASE_URL}${AIRPORTS_ENDPOINT}</arg>
<arg>expected_status=${expected_status}</arg>
<arg>verify=${False}</arg>
<arg>params=${params}</arg>
<doc>Sends a GET request.</doc>
<status status="PASS" start="2026-01-16T16:29:39.743324" elapsed="0.912117"/>
</kw>
<kw name="Set Test Variable" owner="BuiltIn">
<msg time="2026-01-16T16:29:40.659354" level="INFO">${response_get} = &lt;Response [200]&gt;</msg>
<arg>${response_get}</arg>
<doc>Makes a variable available everywhere within the scope of the current test.</doc>
<status status="PASS" start="2026-01-16T16:29:40.656511" elapsed="0.003828"/>
</kw>
<arg>{"country_name": "FRANCE"}</arg>
<arg>expected_status=200</arg>
<status status="PASS" start="2026-01-16T16:29:39.741762" elapsed="0.919106"/>
</kw>
<kw name="Then Then response body should not be empty" owner="aviationstack_keywords">
<kw name="Set Variable" owner="BuiltIn">
<msg time="2026-01-16T16:29:40.667677" level="INFO">${json} = {'pagination': {'offset': 0, 'limit': 100, 'count': 100, 'total': 111}, 'data': [{'id': '6162539', 'gmt': '1', 'airport_id': '133', 'iata_code': 'AGF', 'city_iata_code': 'AGF', 'icao_code': 'LFBA', 'c...</msg>
<var>${json}</var>
<arg>${response_get.json()}</arg>
<doc>Returns the given values which can then be assigned to a variables.</doc>
<status status="PASS" start="2026-01-16T16:29:40.665430" elapsed="0.002733"/>
</kw>
<kw name="Get From Dictionary" owner="Collections">
<msg time="2026-01-16T16:29:40.669754" level="INFO">${data} = [{'id': '6162539', 'gmt': '1', 'airport_id': '133', 'iata_code': 'AGF', 'city_iata_code': 'AGF', 'icao_code': 'LFBA', 'country_iso2': 'FR', 'geoname_id': '6299365', 'latitude': '44.17361', 'longitude'...</msg>
<var>${data}</var>
<arg>${json}</arg>
<arg>data</arg>
<doc>Returns a value from the given ``dictionary`` based on the given ``key``.</doc>
<status status="PASS" start="2026-01-16T16:29:40.668583" elapsed="0.001413"/>
</kw>
<kw name="Should Not Be Empty" owner="BuiltIn">
<msg time="2026-01-16T16:29:40.671203" level="INFO">Length is 100.</msg>
<arg>${data}</arg>
<doc>Verifies that the given item is not empty.</doc>
<status status="PASS" start="2026-01-16T16:29:40.670324" elapsed="0.001111"/>
</kw>
<kw name="Log To Console" owner="BuiltIn">
<arg>${response_get.json()}</arg>
<doc>Logs the given message to the console.</doc>
<status status="PASS" start="2026-01-16T16:29:40.671847" elapsed="0.005079"/>
</kw>
<status status="PASS" start="2026-01-16T16:29:40.661980" elapsed="0.015226"/>
</kw>
<kw name="And response should contain country" owner="aviationstack_keywords">
<kw name="Set Variable" owner="BuiltIn">
<msg time="2026-01-16T16:29:40.683970" level="INFO">${json} = {'pagination': {'offset': 0, 'limit': 100, 'count': 100, 'total': 111}, 'data': [{'id': '6162539', 'gmt': '1', 'airport_id': '133', 'iata_code': 'AGF', 'city_iata_code': 'AGF', 'icao_code': 'LFBA', 'c...</msg>
<var>${json}</var>
<arg>${response_get.json()}</arg>
<doc>Returns the given values which can then be assigned to a variables.</doc>
<status status="PASS" start="2026-01-16T16:29:40.680022" elapsed="0.004138"/>
</kw>
<kw name="Evaluate" owner="BuiltIn">
<msg time="2026-01-16T16:29:40.685293" level="INFO">${countries} = ['France', 'France', 'France', 'France', 'France', 'France', 'France', 'France', 'France', 'France', 'France', 'France', 'France', 'France', 'France', 'France', 'France', 'France', 'France', 'France',...</msg>
<var>${countries}</var>
<arg>[item['country_name'] for item in $json['data']]</arg>
<doc>Evaluates the given expression in Python and returns the result.</doc>
<status status="PASS" start="2026-01-16T16:29:40.684423" elapsed="0.001028"/>
</kw>
<kw name="Should Contain" owner="BuiltIn">
<arg>${countries}</arg>
<arg>${expected_country}</arg>
<doc>Fails if ``container`` does not contain ``item`` one or more times.</doc>
<status status="PASS" start="2026-01-16T16:29:40.685682" elapsed="0.000547"/>
</kw>
<arg>France</arg>
<status status="PASS" start="2026-01-16T16:29:40.678826" elapsed="0.007547"/>
</kw>
<status status="PASS" start="2026-01-16T16:29:39.726785" elapsed="0.959837"/>
</test>
<status status="PASS" start="2026-01-16T16:29:39.422305" elapsed="1.276333"/>
</suite>
<status status="PASS" start="2026-01-16T16:29:39.416791" elapsed="1.285888"/>
</suite>
<status status="PASS" start="2026-01-16T16:29:39.412867" elapsed="1.293340"/>
</suite>
<status status="PASS" start="2026-01-16T16:29:39.366952" elapsed="1.346956"/>
</suite>
<statistics>
<total>
<stat pass="1" fail="0" skip="0">All Tests</stat>
</total>
<tag>
</tag>
<suite>
<stat name="Changelles" id="s1" pass="1" fail="0" skip="0">Changelles</stat>
<stat name="Tests" id="s1-s1" pass="1" fail="0" skip="0">Changelles.Tests</stat>
<stat name="Flights" id="s1-s1-s1" pass="1" fail="0" skip="0">Changelles.Tests.Flights</stat>
<stat name="Get Flights Positive" id="s1-s1-s1-s1" pass="1" fail="0" skip="0">Changelles.Tests.Flights.Get Flights Positive</stat>
</suite>
</statistics>
<errors>
</errors>
</robot>
